mobile-android/MPChartLib/build/intermediates/manifest_merge_blame_file/debug/manifest-merger-blame-debug-report.txt
1<?xml version="1.0" encoding="utf-8"?>
2<manifest xmlns:android="http://schemas.android.com/apk/res/android"
3    package="com.github.mikephil.charting"
4    android:versionCode="1"
5    android:versionName="1.0" >
6    <!--
7  <uses-permission android:name="android.permission.WRITE_EXTERNAL_STORAGE" />
8
9    <application
10        android:allowBackup="true"
11        android:icon="@drawable/ic_launcher"
12        android:label="@string/app_name"
13        android:theme="@style/AppTheme" >
14    </application>
15    -->
16    <uses-sdk android:minSdkVersion="8" />
16-->mobile-android\MPChartLib\AndroidManifest.xml
17
18</manifest>